<?xml version="1.0" encoding="UTF-8"?>
<!-- Generated by org.testng.reporters.JUnitReportReporter -->
<testsuite name="home.TestCnnHome" tests="1" time="22.727" ignored="0" failures="0" timestamp="07 Jan 2017 19:59:30 GMT" skipped="0" hostname="Sachins-MacBook-Pro.local" errors="0">
  <testcase name="testHome" time="22.727" classname="home.TestCnnHome"/>
</testsuite> <!-- home.TestCnnHome -->
